<?xml version="1.0" encoding="UTF-8"?>
<!-- Generated by org.testng.reporters.JUnitReportReporter -->
<testsuite skipped="0" hostname="DESKTOP-JO95MPE" name="Academy.HomePage" tests="2" failures="0" timestamp="2020-06-15T20:42:35 IST" time="25.600" errors="0">
  <testcase name="basePageNavigation" time="11.616" classname="Academy.HomePage"/>
  <system-out/>
  <testcase name="basePageNavigation" time="13.984" classname="Academy.HomePage"/>
  <system-out/>
</testsuite> <!-- Academy.HomePage -->
