<?xml version="1.0" encoding="UTF-8"?>
<!-- Generated by org.testng.reporters.JUnitReportReporter -->
<testsuite skipped="0" hostname="DESKTOP-JO95MPE" name="Academy.ValidateNavigationBar" tests="1" failures="0" timestamp="2020-06-15T17:42:16 IST" time="0.109" errors="0">
  <testcase name="basePageNavigation" time="0.109" classname="Academy.ValidateNavigationBar"/>
  <system-out/>
</testsuite> <!-- Academy.ValidateNavigationBar -->
