<?xml version="1.0" encoding="UTF-8"?>
<!-- Generated by org.testng.reporters.JUnitReportReporter -->
<testsuite skipped="0" hostname="DESKTOP-JO95MPE" name="Academy.ValidateNavigationBar" tests="1" failures="0" timestamp="15 Jun 2020 17:51:48 GMT" time="0.078" errors="0">
  <testcase name="basePageNavigation" time="0.078" classname="Academy.ValidateNavigationBar"/>
</testsuite> <!-- Academy.ValidateNavigationBar -->
