<?xml version="1.0" encoding="UTF-8"?>
<!-- Generated by org.testng.reporters.JUnitReportReporter -->
<testsuite skipped="0" hostname="DESKTOP-JO95MPE" name="Academy.HomePage" tests="2" failures="0" timestamp="15 Jun 2020 17:51:48 GMT" time="36.975" errors="0">
  <testcase name="basePageNavigation" time="24.560" classname="Academy.HomePage"/>
  <testcase name="basePageNavigation" time="12.415" classname="Academy.HomePage"/>
</testsuite> <!-- Academy.HomePage -->
